Arguments: 
  /Users/will-ampp/.nvm/versions/node/v9.6.1/bin/node /usr/local/Cellar/yarn/1.12.3/libexec/bin/yarn.js dev

PATH: 
  /Users/will-ampp/.nvm/versions/node/v9.6.1/bin:/usr/local/bin:/usr/bin:/bin:/usr/sbin:/sbin:/usr/local/bin:/usr/bin:/bin:/usr/sbin:/sbin:/opt/X11/bin

Yarn version: 
  1.12.3

Node version: 
  9.6.1

Platform: 
  darwin x64

Trace: 
  TypeError [ERR_INVALID_ARG_TYPE]: The "path" argument must be of type string
      at assertPath (path.js:39:11)
      at Object.isAbsolute (path.js:1207:5)
      at module.exports.exports.default (/usr/local/Cellar/yarn/1.12.3/libexec/lib/cli.js:99500:16)
      at /usr/local/Cellar/yarn/1.12.3/libexec/lib/cli.js:50670:63
      at Generator.next (<anonymous>)
      at step (/usr/local/Cellar/yarn/1.12.3/libexec/lib/cli.js:304:30)
      at /usr/local/Cellar/yarn/1.12.3/libexec/lib/cli.js:315:13
      at <anonymous>

npm manifest: 
  {
    "name": "react-phone-input-3",
    "version": "1.0.0",
    "description": "A react component to format phone numbers",
    "main": "dist/index.js",
    "scripts": {
      "test": "echo \"Error: no test specified\" && exit 1",
      "dev": "TARGET=dev webpack-dev-server --progress",
      "build": "TARGET=build webpack -p --progress"
    },
    "repository": {
      "type": "git",
      "url": "https://github.com/jo-san/react-phone-input-2.git"
    },
    "keywords": [
      "react",
      "phone",
      "format",
      "telephone"
    ],
    "author": "Jothisankar <nk.jothisankar@gmail.com> (http://github.com/jo-san)",
    "license": "MIT",
    "bugs": {
      "url": "https://github.com/jo-san/react-phone-input-2/issues"
    },
    "homepage": "https://github.com/jo-san/react-phone-input-2",
    "devDependencies": {
      "babel-core": "^6.9.1",
      "babel-eslint": "^10.0.1",
      "babel-loader": "^6.4.1",
      "babel-preset-es2015": "^6.9.0",
      "babel-preset-react": "^6.5.0",
      "css-loader": "^0.23.1",
      "eslint": "^5.9.0",
      "eslint-loader": "^2.1.1",
      "eslint-plugin-react": "^7.11.1",
      "file-loader": "^0.8.5",
      "less": "^2.7.1",
      "less-loader": "^2.2.3",
      "lodash": "^4.17.5",
      "react": "^16.3.1",
      "react-dom": "^16.3.1",
      "react-hot-loader": "^1.3.0",
      "style-loader": "^0.13.1",
      "url-loader": "^0.5.7",
      "webpack": "^1.13.1",
      "webpack-dev-server": "^1.14.1",
      "webpack-merge": "^0.13.0"
    },
    "dependencies": {
      "classnames": "^2.1.5",
      "create-react-class": "^15.6.3",
      "prop-types": "^15.6.1"
    },
    "peerDependencies": {
      "lodash": "^4.11.1",
      "peerDependencies": {
        "lodash": "^4.11.1",
        "react": "^15.6.1",
        "prop-types": "^15.5.10"
      }
    }
  }

yarn manifest: 
  No manifest

Lockfile: 
  No lockfile
